Performing C SOURCE FILE Test CMAKE_HAVE_LIBC_PTHREAD failed with the following output:
Change Dir: /home/dell/ZDisk/Workspace/abc/t/nanomsg/CMakeFiles/CMakeTmp

Run Build Command(s):/usr/bin/make cmTC_67b34/fast && /usr/bin/make  -f CMakeFiles/cmTC_67b34.dir/build.make CMakeFiles/cmTC_67b34.dir/build
make[1]: Entering directory '/media/dell/02a3d71a-295d-455b-9038-2d915c35d598/Workspace/abc/t/nanomsg/CMakeFiles/CMakeTmp'
Building C object CMakeFiles/cmTC_67b34.dir/src.c.o
/usr/bin/cc -DCMAKE_HAVE_LIBC_PTHREAD  -Wall -Wextra   -o CMakeFiles/cmTC_67b34.dir/src.c.o -c /home/dell/ZDisk/Workspace/abc/t/nanomsg/CMakeFiles/CMakeTmp/src.c
Linking C executable cmTC_67b34
/usr/local/bin/cmake -E cmake_link_script CMakeFiles/cmTC_67b34.dir/link.txt --verbose=1
/usr/bin/cc  -Wall -Wextra   -rdynamic CMakeFiles/cmTC_67b34.dir/src.c.o -o cmTC_67b34 
CMakeFiles/cmTC_67b34.dir/src.c.o: In function `main':
src.c:(.text+0x3e): undefined reference to `pthread_create'
src.c:(.text+0x4a): undefined reference to `pthread_detach'
src.c:(.text+0x56): undefined reference to `pthread_cancel'
src.c:(.text+0x67): undefined reference to `pthread_join'
src.c:(.text+0x7b): undefined reference to `pthread_atfork'
collect2: error: ld returned 1 exit status
CMakeFiles/cmTC_67b34.dir/build.make:105: recipe for target 'cmTC_67b34' failed
make[1]: *** [cmTC_67b34] Error 1
make[1]: Leaving directory '/media/dell/02a3d71a-295d-455b-9038-2d915c35d598/Workspace/abc/t/nanomsg/CMakeFiles/CMakeTmp'
Makefile:140: recipe for target 'cmTC_67b34/fast' failed
make: *** [cmTC_67b34/fast] Error 2


Source file was:
#include <pthread.h>

static void* test_func(void* data)
{
  return data;
}

int main(void)
{
  pthread_t thread;
  pthread_create(&thread, NULL, test_func, NULL);
  pthread_detach(thread);
  pthread_cancel(thread);
  pthread_join(thread, NULL);
  pthread_atfork(NULL, NULL, NULL);
  pthread_exit(NULL);

  return 0;
}

Determining if the function pthread_create exists in the pthreads failed with the following output:
Change Dir: /home/dell/ZDisk/Workspace/abc/t/nanomsg/CMakeFiles/CMakeTmp

Run Build Command(s):/usr/bin/make cmTC_2224b/fast && /usr/bin/make  -f CMakeFiles/cmTC_2224b.dir/build.make CMakeFiles/cmTC_2224b.dir/build
make[1]: Entering directory '/media/dell/02a3d71a-295d-455b-9038-2d915c35d598/Workspace/abc/t/nanomsg/CMakeFiles/CMakeTmp'
Building C object CMakeFiles/cmTC_2224b.dir/CheckFunctionExists.c.o
/usr/bin/cc   -Wall -Wextra  -DCHECK_FUNCTION_EXISTS=pthread_create -o CMakeFiles/cmTC_2224b.dir/CheckFunctionExists.c.o -c /usr/local/share/cmake-3.19/Modules/CheckFunctionExists.c
Linking C executable cmTC_2224b
/usr/local/bin/cmake -E cmake_link_script CMakeFiles/cmTC_2224b.dir/link.txt --verbose=1
/usr/bin/cc  -Wall -Wextra  -DCHECK_FUNCTION_EXISTS=pthread_create -rdynamic CMakeFiles/cmTC_2224b.dir/CheckFunctionExists.c.o -o cmTC_2224b  -lpthreads 
/usr/bin/ld: cannot find -lpthreads
collect2: error: ld returned 1 exit status
CMakeFiles/cmTC_2224b.dir/build.make:105: recipe for target 'cmTC_2224b' failed
make[1]: *** [cmTC_2224b] Error 1
make[1]: Leaving directory '/media/dell/02a3d71a-295d-455b-9038-2d915c35d598/Workspace/abc/t/nanomsg/CMakeFiles/CMakeTmp'
Makefile:140: recipe for target 'cmTC_2224b/fast' failed
make: *** [cmTC_2224b/fast] Error 2



Determining if the function gethrtime exists failed with the following output:
Change Dir: /home/dell/ZDisk/Workspace/abc/t/nanomsg/CMakeFiles/CMakeTmp

Run Build Command(s):/usr/bin/make cmTC_361f8/fast && /usr/bin/make  -f CMakeFiles/cmTC_361f8.dir/build.make CMakeFiles/cmTC_361f8.dir/build
make[1]: Entering directory '/media/dell/02a3d71a-295d-455b-9038-2d915c35d598/Workspace/abc/t/nanomsg/CMakeFiles/CMakeTmp'
Building C object CMakeFiles/cmTC_361f8.dir/CheckFunctionExists.c.o
/usr/bin/cc   -Wall -Wextra  -DCHECK_FUNCTION_EXISTS=gethrtime -o CMakeFiles/cmTC_361f8.dir/CheckFunctionExists.c.o -c /usr/local/share/cmake-3.19/Modules/CheckFunctionExists.c
Linking C executable cmTC_361f8
/usr/local/bin/cmake -E cmake_link_script CMakeFiles/cmTC_361f8.dir/link.txt --verbose=1
/usr/bin/cc  -Wall -Wextra  -DCHECK_FUNCTION_EXISTS=gethrtime -rdynamic CMakeFiles/cmTC_361f8.dir/CheckFunctionExists.c.o -o cmTC_361f8 
CMakeFiles/cmTC_361f8.dir/CheckFunctionExists.c.o: In function `main':
CheckFunctionExists.c:(.text+0x10): undefined reference to `gethrtime'
collect2: error: ld returned 1 exit status
CMakeFiles/cmTC_361f8.dir/build.make:105: recipe for target 'cmTC_361f8' failed
make[1]: *** [cmTC_361f8] Error 1
make[1]: Leaving directory '/media/dell/02a3d71a-295d-455b-9038-2d915c35d598/Workspace/abc/t/nanomsg/CMakeFiles/CMakeTmp'
Makefile:140: recipe for target 'cmTC_361f8/fast' failed
make: *** [cmTC_361f8/fast] Error 2



Determining if the function kqueue exists failed with the following output:
Change Dir: /home/dell/ZDisk/Workspace/abc/t/nanomsg/CMakeFiles/CMakeTmp

Run Build Command(s):/usr/bin/make cmTC_d442e/fast && /usr/bin/make  -f CMakeFiles/cmTC_d442e.dir/build.make CMakeFiles/cmTC_d442e.dir/build
make[1]: Entering directory '/media/dell/02a3d71a-295d-455b-9038-2d915c35d598/Workspace/abc/t/nanomsg/CMakeFiles/CMakeTmp'
Building C object CMakeFiles/cmTC_d442e.dir/CheckFunctionExists.c.o
/usr/bin/cc   -Wall -Wextra  -DCHECK_FUNCTION_EXISTS=kqueue -o CMakeFiles/cmTC_d442e.dir/CheckFunctionExists.c.o -c /usr/local/share/cmake-3.19/Modules/CheckFunctionExists.c
Linking C executable cmTC_d442e
/usr/local/bin/cmake -E cmake_link_script CMakeFiles/cmTC_d442e.dir/link.txt --verbose=1
/usr/bin/cc  -Wall -Wextra  -DCHECK_FUNCTION_EXISTS=kqueue -rdynamic CMakeFiles/cmTC_d442e.dir/CheckFunctionExists.c.o -o cmTC_d442e 
CMakeFiles/cmTC_d442e.dir/CheckFunctionExists.c.o: In function `main':
CheckFunctionExists.c:(.text+0x10): undefined reference to `kqueue'
collect2: error: ld returned 1 exit status
CMakeFiles/cmTC_d442e.dir/build.make:105: recipe for target 'cmTC_d442e' failed
make[1]: *** [cmTC_d442e] Error 1
make[1]: Leaving directory '/media/dell/02a3d71a-295d-455b-9038-2d915c35d598/Workspace/abc/t/nanomsg/CMakeFiles/CMakeTmp'
Makefile:140: recipe for target 'cmTC_d442e/fast' failed
make: *** [cmTC_d442e/fast] Error 2



Determining if the function sem_wait exists in the rt failed with the following output:
Change Dir: /home/dell/ZDisk/Workspace/abc/t/nanomsg/CMakeFiles/CMakeTmp

Run Build Command(s):/usr/bin/make cmTC_728fb/fast && /usr/bin/make  -f CMakeFiles/cmTC_728fb.dir/build.make CMakeFiles/cmTC_728fb.dir/build
make[1]: Entering directory '/media/dell/02a3d71a-295d-455b-9038-2d915c35d598/Workspace/abc/t/nanomsg/CMakeFiles/CMakeTmp'
Building C object CMakeFiles/cmTC_728fb.dir/CheckFunctionExists.c.o
/usr/bin/cc   -Wall -Wextra  -DCHECK_FUNCTION_EXISTS=sem_wait -o CMakeFiles/cmTC_728fb.dir/CheckFunctionExists.c.o -c /usr/local/share/cmake-3.19/Modules/CheckFunctionExists.c
Linking C executable cmTC_728fb
/usr/local/bin/cmake -E cmake_link_script CMakeFiles/cmTC_728fb.dir/link.txt --verbose=1
/usr/bin/cc  -Wall -Wextra  -DCHECK_FUNCTION_EXISTS=sem_wait -rdynamic CMakeFiles/cmTC_728fb.dir/CheckFunctionExists.c.o -o cmTC_728fb  -lrt 
CMakeFiles/cmTC_728fb.dir/CheckFunctionExists.c.o: In function `main':
CheckFunctionExists.c:(.text+0x10): undefined reference to `sem_wait'
collect2: error: ld returned 1 exit status
CMakeFiles/cmTC_728fb.dir/build.make:105: recipe for target 'cmTC_728fb' failed
make[1]: *** [cmTC_728fb] Error 1
make[1]: Leaving directory '/media/dell/02a3d71a-295d-455b-9038-2d915c35d598/Workspace/abc/t/nanomsg/CMakeFiles/CMakeTmp'
Makefile:140: recipe for target 'cmTC_728fb/fast' failed
make: *** [cmTC_728fb/fast] Error 2



Determining if the function socket exists in the socket failed with the following output:
Change Dir: /home/dell/ZDisk/Workspace/abc/t/nanomsg/CMakeFiles/CMakeTmp

Run Build Command(s):/usr/bin/make cmTC_62a88/fast && /usr/bin/make  -f CMakeFiles/cmTC_62a88.dir/build.make CMakeFiles/cmTC_62a88.dir/build
make[1]: Entering directory '/media/dell/02a3d71a-295d-455b-9038-2d915c35d598/Workspace/abc/t/nanomsg/CMakeFiles/CMakeTmp'
Building C object CMakeFiles/cmTC_62a88.dir/CheckFunctionExists.c.o
/usr/bin/cc   -Wall -Wextra  -DCHECK_FUNCTION_EXISTS=socket -o CMakeFiles/cmTC_62a88.dir/CheckFunctionExists.c.o -c /usr/local/share/cmake-3.19/Modules/CheckFunctionExists.c
Linking C executable cmTC_62a88
/usr/local/bin/cmake -E cmake_link_script CMakeFiles/cmTC_62a88.dir/link.txt --verbose=1
/usr/bin/cc  -Wall -Wextra  -DCHECK_FUNCTION_EXISTS=socket -rdynamic CMakeFiles/cmTC_62a88.dir/CheckFunctionExists.c.o -o cmTC_62a88  -lsocket 
/usr/bin/ld: cannot find -lsocket
collect2: error: ld returned 1 exit status
CMakeFiles/cmTC_62a88.dir/build.make:105: recipe for target 'cmTC_62a88' failed
make[1]: *** [cmTC_62a88] Error 1
make[1]: Leaving directory '/media/dell/02a3d71a-295d-455b-9038-2d915c35d598/Workspace/abc/t/nanomsg/CMakeFiles/CMakeTmp'
Makefile:140: recipe for target 'cmTC_62a88/fast' failed
make: *** [cmTC_62a88/fast] Error 2



Determining if the atomic_cas_32 exist failed with the following output:
Change Dir: /home/dell/ZDisk/Workspace/abc/t/nanomsg/CMakeFiles/CMakeTmp

Run Build Command(s):/usr/bin/make cmTC_d028d/fast && /usr/bin/make  -f CMakeFiles/cmTC_d028d.dir/build.make CMakeFiles/cmTC_d028d.dir/build
make[1]: Entering directory '/media/dell/02a3d71a-295d-455b-9038-2d915c35d598/Workspace/abc/t/nanomsg/CMakeFiles/CMakeTmp'
Building C object CMakeFiles/cmTC_d028d.dir/CheckSymbolExists.c.o
/usr/bin/cc   -Wall -Wextra   -o CMakeFiles/cmTC_d028d.dir/CheckSymbolExists.c.o -c /home/dell/ZDisk/Workspace/abc/t/nanomsg/CMakeFiles/CMakeTmp/CheckSymbolExists.c
/home/dell/ZDisk/Workspace/abc/t/nanomsg/CMakeFiles/CMakeTmp/CheckSymbolExists.c:2:10: fatal error: atomic.h: No such file or directory
 #include <atomic.h>
          ^~~~~~~~~~
compilation terminated.
CMakeFiles/cmTC_d028d.dir/build.make:84: recipe for target 'CMakeFiles/cmTC_d028d.dir/CheckSymbolExists.c.o' failed
make[1]: *** [CMakeFiles/cmTC_d028d.dir/CheckSymbolExists.c.o] Error 1
make[1]: Leaving directory '/media/dell/02a3d71a-295d-455b-9038-2d915c35d598/Workspace/abc/t/nanomsg/CMakeFiles/CMakeTmp'
Makefile:140: recipe for target 'cmTC_d028d/fast' failed
make: *** [cmTC_d028d/fast] Error 2


File /home/dell/ZDisk/Workspace/abc/t/nanomsg/CMakeFiles/CMakeTmp/CheckSymbolExists.c:
/* */
#include <atomic.h>

int main(int argc, char** argv)
{
  (void)argv;
#ifndef atomic_cas_32
  return ((int*)(&atomic_cas_32))[argc];
#else
  (void)argc;
  return 0;
#endif
}
