The system is: Linux - 5.4.0-47-generic - x86_64
Compiling the C compiler identification source file "CMakeCCompilerId.c" succeeded.
Compiler: /usr/bin/cc 
Build flags: 
Id flags:  

The output was:
0


Compilation of the C compiler identification source "CMakeCCompilerId.c" produced "a.out"

The C compiler identification is GNU, found in "/home/dell/ZDisk/Workspace/abc/t/nanomsg/CMakeFiles/3.19.3/CompilerIdC/a.out"

Detecting C compiler ABI info compiled with the following output:
Change Dir: /home/dell/ZDisk/Workspace/abc/t/nanomsg/CMakeFiles/CMakeTmp

Run Build Command(s):/usr/bin/make cmTC_82b4d/fast && /usr/bin/make  -f CMakeFiles/cmTC_82b4d.dir/build.make CMakeFiles/cmTC_82b4d.dir/build
make[1]: Entering directory '/media/dell/02a3d71a-295d-455b-9038-2d915c35d598/Workspace/abc/t/nanomsg/CMakeFiles/CMakeTmp'
Building C object CMakeFiles/cmTC_82b4d.dir/CMakeCCompilerABI.c.o
/usr/bin/cc   -v -o CMakeFiles/cmTC_82b4d.dir/CMakeCCompilerABI.c.o -c /usr/local/share/cmake-3.19/Modules/CMakeCCompilerABI.c
Using built-in specs.
COLLECT_GCC=/usr/bin/cc
OFFLOAD_TARGET_NAMES=nvptx-none
OFFLOAD_TARGET_DEFAULT=1
Target: x86_64-linux-gnu
Configured with: ../src/configure -v --with-pkgversion='Ubuntu 7.5.0-3ubuntu1~18.04' --with-bugurl=file:///usr/share/doc/gcc-7/README.Bugs --enable-languages=c,ada,c++,go,brig,d,fortran,objc,obj-c++ --prefix=/usr --with-gcc-major-version-only --program-suffix=-7 --program-prefix=x86_64-linux-gnu- --enable-shared --enable-linker-build-id --libexecdir=/usr/lib --without-included-gettext --enable-threads=posix --libdir=/usr/lib --enable-nls --enable-bootstrap --enable-clocale=gnu --enable-libstdcxx-debug --enable-libstdcxx-time=yes --with-default-libstdcxx-abi=new --enable-gnu-unique-object --disable-vtable-verify --enable-libmpx --enable-plugin --enable-default-pie --with-system-zlib --with-target-system-zlib --enable-objc-gc=auto --enable-multiarch --disable-werror --with-arch-32=i686 --with-abi=m64 --with-multilib-list=m32,m64,mx32 --enable-multilib --with-tune=generic --enable-offload-targets=nvptx-none --without-cuda-driver --enable-checking=release --build=x86_64-linux-gnu --host=x86_64-linux-gnu --target=x86_64-linux-gnu
Thread model: posix
gcc version 7.5.0 (Ubuntu 7.5.0-3ubuntu1~18.04) 
COLLECT_GCC_OPTIONS='-v' '-o' 'CMakeFiles/cmTC_82b4d.dir/CMakeCCompilerABI.c.o' '-c' '-mtune=generic' '-march=x86-64'
 /usr/lib/gcc/x86_64-linux-gnu/7/cc1 -quiet -v -imultiarch x86_64-linux-gnu /usr/local/share/cmake-3.19/Modules/CMakeCCompilerABI.c -quiet -dumpbase CMakeCCompilerABI.c -mtune=generic -march=x86-64 -auxbase-strip CMakeFiles/cmTC_82b4d.dir/CMakeCCompilerABI.c.o -version -fstack-protector-strong -Wformat -Wformat-security -o /tmp/cc22vpLG.s
GNU C11 (Ubuntu 7.5.0-3ubuntu1~18.04) version 7.5.0 (x86_64-linux-gnu)
	compiled by GNU C version 7.5.0, GMP version 6.1.2, MPFR version 4.0.1, MPC version 1.1.0, isl version isl-0.19-GMP

GGC heuristics: --param ggc-min-expand=100 --param ggc-min-heapsize=131072
ignoring nonexistent directory "/usr/local/include/x86_64-linux-gnu"
ignoring nonexistent directory "/usr/lib/gcc/x86_64-linux-gnu/7/../../../../x86_64-linux-gnu/include"
#include "..." search starts here:
#include <...> search starts here:
 /usr/lib/gcc/x86_64-linux-gnu/7/include
 /usr/local/include
 /usr/lib/gcc/x86_64-linux-gnu/7/include-fixed
 /usr/include/x86_64-linux-gnu
 /usr/include
End of search list.
GNU C11 (Ubuntu 7.5.0-3ubuntu1~18.04) version 7.5.0 (x86_64-linux-gnu)
	compiled by GNU C version 7.5.0, GMP version 6.1.2, MPFR version 4.0.1, MPC version 1.1.0, isl version isl-0.19-GMP

GGC heuristics: --param ggc-min-expand=100 --param ggc-min-heapsize=131072
Compiler executable checksum: b62ed4a2880cd4159476ea8293b72fa8
COLLECT_GCC_OPTIONS='-v' '-o' 'CMakeFiles/cmTC_82b4d.dir/CMakeCCompilerABI.c.o' '-c' '-mtune=generic' '-march=x86-64'
 as -v --64 -o CMakeFiles/cmTC_82b4d.dir/CMakeCCompilerABI.c.o /tmp/cc22vpLG.s
GNU assembler version 2.30 (x86_64-linux-gnu) using BFD version (GNU Binutils for Ubuntu) 2.30
COMPILER_PATH=/usr/lib/gcc/x86_64-linux-gnu/7/:/usr/lib/gcc/x86_64-linux-gnu/7/:/usr/lib/gcc/x86_64-linux-gnu/:/usr/lib/gcc/x86_64-linux-gnu/7/:/usr/lib/gcc/x86_64-linux-gnu/
LIBRARY_PATH=/usr/lib/gcc/x86_64-linux-gnu/7/:/usr/lib/gcc/x86_64-linux-gnu/7/../../../x86_64-linux-gnu/:/usr/lib/gcc/x86_64-linux-gnu/7/../../../../lib/:/lib/x86_64-linux-gnu/:/lib/../lib/:/usr/lib/x86_64-linux-gnu/:/usr/lib/../lib/:/usr/lib/gcc/x86_64-linux-gnu/7/../../../:/lib/:/usr/lib/
COLLECT_GCC_OPTIONS='-v' '-o' 'CMakeFiles/cmTC_82b4d.dir/CMakeCCompilerABI.c.o' '-c' '-mtune=generic' '-march=x86-64'
Linking C executable cmTC_82b4d
/usr/local/bin/cmake -E cmake_link_script CMakeFiles/cmTC_82b4d.dir/link.txt --verbose=1
/usr/bin/cc  -v -rdynamic CMakeFiles/cmTC_82b4d.dir/CMakeCCompilerABI.c.o -o cmTC_82b4d 
Using built-in specs.
COLLECT_GCC=/usr/bin/cc
COLLECT_LTO_WRAPPER=/usr/lib/gcc/x86_64-linux-gnu/7/lto-wrapper
OFFLOAD_TARGET_NAMES=nvptx-none
OFFLOAD_TARGET_DEFAULT=1
Target: x86_64-linux-gnu
Configured with: ../src/configure -v --with-pkgversion='Ubuntu 7.5.0-3ubuntu1~18.04' --with-bugurl=file:///usr/share/doc/gcc-7/README.Bugs --enable-languages=c,ada,c++,go,brig,d,fortran,objc,obj-c++ --prefix=/usr --with-gcc-major-version-only --program-suffix=-7 --program-prefix=x86_64-linux-gnu- --enable-shared --enable-linker-build-id --libexecdir=/usr/lib --without-included-gettext --enable-threads=posix --libdir=/usr/lib --enable-nls --enable-bootstrap --enable-clocale=gnu --enable-libstdcxx-debug --enable-libstdcxx-time=yes --with-default-libstdcxx-abi=new --enable-gnu-unique-object --disable-vtable-verify --enable-libmpx --enable-plugin --enable-default-pie --with-system-zlib --with-target-system-zlib --enable-objc-gc=auto --enable-multiarch --disable-werror --with-arch-32=i686 --with-abi=m64 --with-multilib-list=m32,m64,mx32 --enable-multilib --with-tune=generic --enable-offload-targets=nvptx-none --without-cuda-driver --enable-checking=release --build=x86_64-linux-gnu --host=x86_64-linux-gnu --target=x86_64-linux-gnu
Thread model: posix
gcc version 7.5.0 (Ubuntu 7.5.0-3ubuntu1~18.04) 
COMPILER_PATH=/usr/lib/gcc/x86_64-linux-gnu/7/:/usr/lib/gcc/x86_64-linux-gnu/7/:/usr/lib/gcc/x86_64-linux-gnu/:/usr/lib/gcc/x86_64-linux-gnu/7/:/usr/lib/gcc/x86_64-linux-gnu/
LIBRARY_PATH=/usr/lib/gcc/x86_64-linux-gnu/7/:/usr/lib/gcc/x86_64-linux-gnu/7/../../../x86_64-linux-gnu/:/usr/lib/gcc/x86_64-linux-gnu/7/../../../../lib/:/lib/x86_64-linux-gnu/:/lib/../lib/:/usr/lib/x86_64-linux-gnu/:/usr/lib/../lib/:/usr/lib/gcc/x86_64-linux-gnu/7/../../../:/lib/:/usr/lib/
COLLECT_GCC_OPTIONS='-v' '-rdynamic' '-o' 'cmTC_82b4d' '-mtune=generic' '-march=x86-64'
 /usr/lib/gcc/x86_64-linux-gnu/7/collect2 -plugin /usr/lib/gcc/x86_64-linux-gnu/7/liblto_plugin.so -plugin-opt=/usr/lib/gcc/x86_64-linux-gnu/7/lto-wrapper -plugin-opt=-fresolution=/tmp/ccOI7xNE.res -plugin-opt=-pass-through=-lgcc -plugin-opt=-pass-through=-lgcc_s -plugin-opt=-pass-through=-lc -plugin-opt=-pass-through=-lgcc -plugin-opt=-pass-through=-lgcc_s --build-id --eh-frame-hdr -m elf_x86_64 --hash-style=gnu --as-needed -export-dynamic -dynamic-linker /lib64/ld-linux-x86-64.so.2 -pie -z now -z relro -o cmTC_82b4d /usr/lib/gcc/x86_64-linux-gnu/7/../../../x86_64-linux-gnu/Scrt1.o /usr/lib/gcc/x86_64-linux-gnu/7/../../../x86_64-linux-gnu/crti.o /usr/lib/gcc/x86_64-linux-gnu/7/crtbeginS.o -L/usr/lib/gcc/x86_64-linux-gnu/7 -L/usr/lib/gcc/x86_64-linux-gnu/7/../../../x86_64-linux-gnu -L/usr/lib/gcc/x86_64-linux-gnu/7/../../../../lib -L/lib/x86_64-linux-gnu -L/lib/../lib -L/usr/lib/x86_64-linux-gnu -L/usr/lib/../lib -L/usr/lib/gcc/x86_64-linux-gnu/7/../../.. CMakeFiles/cmTC_82b4d.dir/CMakeCCompilerABI.c.o -lgcc --push-state --as-needed -lgcc_s --pop-state -lc -lgcc --push-state --as-needed -lgcc_s --pop-state /usr/lib/gcc/x86_64-linux-gnu/7/crtendS.o /usr/lib/gcc/x86_64-linux-gnu/7/../../../x86_64-linux-gnu/crtn.o
COLLECT_GCC_OPTIONS='-v' '-rdynamic' '-o' 'cmTC_82b4d' '-mtune=generic' '-march=x86-64'
make[1]: Leaving directory '/media/dell/02a3d71a-295d-455b-9038-2d915c35d598/Workspace/abc/t/nanomsg/CMakeFiles/CMakeTmp'



Parsed C implicit include dir info from above output: rv=done
  found start of include info
  found start of implicit include info
    add: [/usr/lib/gcc/x86_64-linux-gnu/7/include]
    add: [/usr/local/include]
    add: [/usr/lib/gcc/x86_64-linux-gnu/7/include-fixed]
    add: [/usr/include/x86_64-linux-gnu]
    add: [/usr/include]
  end of search list found
  collapse include dir [/usr/lib/gcc/x86_64-linux-gnu/7/include] ==> [/usr/lib/gcc/x86_64-linux-gnu/7/include]
  collapse include dir [/usr/local/include] ==> [/usr/local/include]
  collapse include dir [/usr/lib/gcc/x86_64-linux-gnu/7/include-fixed] ==> [/usr/lib/gcc/x86_64-linux-gnu/7/include-fixed]
  collapse include dir [/usr/include/x86_64-linux-gnu] ==> [/usr/include/x86_64-linux-gnu]
  collapse include dir [/usr/include] ==> [/usr/include]
  implicit include dirs: [/usr/lib/gcc/x86_64-linux-gnu/7/include;/usr/local/include;/usr/lib/gcc/x86_64-linux-gnu/7/include-fixed;/usr/include/x86_64-linux-gnu;/usr/include]


Parsed C implicit link information from above output:
  link line regex: [^( *|.*[/\])(ld|CMAKE_LINK_STARTFILE-NOTFOUND|([^/\]+-)?ld|collect2)[^/\]*( |$)]
  ignore line: [Change Dir: /home/dell/ZDisk/Workspace/abc/t/nanomsg/CMakeFiles/CMakeTmp]
  ignore line: []
  ignore line: [Run Build Command(s):/usr/bin/make cmTC_82b4d/fast && /usr/bin/make  -f CMakeFiles/cmTC_82b4d.dir/build.make CMakeFiles/cmTC_82b4d.dir/build]
  ignore line: [make[1]: Entering directory '/media/dell/02a3d71a-295d-455b-9038-2d915c35d598/Workspace/abc/t/nanomsg/CMakeFiles/CMakeTmp']
  ignore line: [Building C object CMakeFiles/cmTC_82b4d.dir/CMakeCCompilerABI.c.o]
  ignore line: [/usr/bin/cc   -v -o CMakeFiles/cmTC_82b4d.dir/CMakeCCompilerABI.c.o -c /usr/local/share/cmake-3.19/Modules/CMakeCCompilerABI.c]
  ignore line: [Using built-in specs.]
  ignore line: [COLLECT_GCC=/usr/bin/cc]
  ignore line: [OFFLOAD_TARGET_NAMES=nvptx-none]
  ignore line: [OFFLOAD_TARGET_DEFAULT=1]
  ignore line: [Target: x86_64-linux-gnu]
  ignore line: [Configured with: ../src/configure -v --with-pkgversion='Ubuntu 7.5.0-3ubuntu1~18.04' --with-bugurl=file:///usr/share/doc/gcc-7/README.Bugs --enable-languages=c ada c++ go brig d fortran objc obj-c++ --prefix=/usr --with-gcc-major-version-only --program-suffix=-7 --program-prefix=x86_64-linux-gnu- --enable-shared --enable-linker-build-id --libexecdir=/usr/lib --without-included-gettext --enable-threads=posix --libdir=/usr/lib --enable-nls --enable-bootstrap --enable-clocale=gnu --enable-libstdcxx-debug --enable-libstdcxx-time=yes --with-default-libstdcxx-abi=new --enable-gnu-unique-object --disable-vtable-verify --enable-libmpx --enable-plugin --enable-default-pie --with-system-zlib --with-target-system-zlib --enable-objc-gc=auto --enable-multiarch --disable-werror --with-arch-32=i686 --with-abi=m64 --with-multilib-list=m32 m64 mx32 --enable-multilib --with-tune=generic --enable-offload-targets=nvptx-none --without-cuda-driver --enable-checking=release --build=x86_64-linux-gnu --host=x86_64-linux-gnu --target=x86_64-linux-gnu]
  ignore line: [Thread model: posix]
  ignore line: [gcc version 7.5.0 (Ubuntu 7.5.0-3ubuntu1~18.04) ]
  ignore line: [COLLECT_GCC_OPTIONS='-v' '-o' 'CMakeFiles/cmTC_82b4d.dir/CMakeCCompilerABI.c.o' '-c' '-mtune=generic' '-march=x86-64']
  ignore line: [ /usr/lib/gcc/x86_64-linux-gnu/7/cc1 -quiet -v -imultiarch x86_64-linux-gnu /usr/local/share/cmake-3.19/Modules/CMakeCCompilerABI.c -quiet -dumpbase CMakeCCompilerABI.c -mtune=generic -march=x86-64 -auxbase-strip CMakeFiles/cmTC_82b4d.dir/CMakeCCompilerABI.c.o -version -fstack-protector-strong -Wformat -Wformat-security -o /tmp/cc22vpLG.s]
  ignore line: [GNU C11 (Ubuntu 7.5.0-3ubuntu1~18.04) version 7.5.0 (x86_64-linux-gnu)]
  ignore line: [	compiled by GNU C version 7.5.0  GMP version 6.1.2  MPFR version 4.0.1  MPC version 1.1.0  isl version isl-0.19-GMP]
  ignore line: []
  ignore line: [GGC heuristics: --param ggc-min-expand=100 --param ggc-min-heapsize=131072]
  ignore line: [ignoring nonexistent directory "/usr/local/include/x86_64-linux-gnu"]
  ignore line: [ignoring nonexistent directory "/usr/lib/gcc/x86_64-linux-gnu/7/../../../../x86_64-linux-gnu/include"]
  ignore line: [#include "..." search starts here:]
  ignore line: [#include <...> search starts here:]
  ignore line: [ /usr/lib/gcc/x86_64-linux-gnu/7/include]
  ignore line: [ /usr/local/include]
  ignore line: [ /usr/lib/gcc/x86_64-linux-gnu/7/include-fixed]
  ignore line: [ /usr/include/x86_64-linux-gnu]
  ignore line: [ /usr/include]
  ignore line: [End of search list.]
  ignore line: [GNU C11 (Ubuntu 7.5.0-3ubuntu1~18.04) version 7.5.0 (x86_64-linux-gnu)]
  ignore line: [	compiled by GNU C version 7.5.0  GMP version 6.1.2  MPFR version 4.0.1  MPC version 1.1.0  isl version isl-0.19-GMP]
  ignore line: []
  ignore line: [GGC heuristics: --param ggc-min-expand=100 --param ggc-min-heapsize=131072]
  ignore line: [Compiler executable checksum: b62ed4a2880cd4159476ea8293b72fa8]
  ignore line: [COLLECT_GCC_OPTIONS='-v' '-o' 'CMakeFiles/cmTC_82b4d.dir/CMakeCCompilerABI.c.o' '-c' '-mtune=generic' '-march=x86-64']
  ignore line: [ as -v --64 -o CMakeFiles/cmTC_82b4d.dir/CMakeCCompilerABI.c.o /tmp/cc22vpLG.s]
  ignore line: [GNU assembler version 2.30 (x86_64-linux-gnu) using BFD version (GNU Binutils for Ubuntu) 2.30]
  ignore line: [COMPILER_PATH=/usr/lib/gcc/x86_64-linux-gnu/7/:/usr/lib/gcc/x86_64-linux-gnu/7/:/usr/lib/gcc/x86_64-linux-gnu/:/usr/lib/gcc/x86_64-linux-gnu/7/:/usr/lib/gcc/x86_64-linux-gnu/]
  ignore line: [LIBRARY_PATH=/usr/lib/gcc/x86_64-linux-gnu/7/:/usr/lib/gcc/x86_64-linux-gnu/7/../../../x86_64-linux-gnu/:/usr/lib/gcc/x86_64-linux-gnu/7/../../../../lib/:/lib/x86_64-linux-gnu/:/lib/../lib/:/usr/lib/x86_64-linux-gnu/:/usr/lib/../lib/:/usr/lib/gcc/x86_64-linux-gnu/7/../../../:/lib/:/usr/lib/]
  ignore line: [COLLECT_GCC_OPTIONS='-v' '-o' 'CMakeFiles/cmTC_82b4d.dir/CMakeCCompilerABI.c.o' '-c' '-mtune=generic' '-march=x86-64']
  ignore line: [Linking C executable cmTC_82b4d]
  ignore line: [/usr/local/bin/cmake -E cmake_link_script CMakeFiles/cmTC_82b4d.dir/link.txt --verbose=1]
  ignore line: [/usr/bin/cc  -v -rdynamic CMakeFiles/cmTC_82b4d.dir/CMakeCCompilerABI.c.o -o cmTC_82b4d ]
  ignore line: [Using built-in specs.]
  ignore line: [COLLECT_GCC=/usr/bin/cc]
  ignore line: [COLLECT_LTO_WRAPPER=/usr/lib/gcc/x86_64-linux-gnu/7/lto-wrapper]
  ignore line: [OFFLOAD_TARGET_NAMES=nvptx-none]
  ignore line: [OFFLOAD_TARGET_DEFAULT=1]
  ignore line: [Target: x86_64-linux-gnu]
  ignore line: [Configured with: ../src/configure -v --with-pkgversion='Ubuntu 7.5.0-3ubuntu1~18.04' --with-bugurl=file:///usr/share/doc/gcc-7/README.Bugs --enable-languages=c ada c++ go brig d fortran objc obj-c++ --prefix=/usr --with-gcc-major-version-only --program-suffix=-7 --program-prefix=x86_64-linux-gnu- --enable-shared --enable-linker-build-id --libexecdir=/usr/lib --without-included-gettext --enable-threads=posix --libdir=/usr/lib --enable-nls --enable-bootstrap --enable-clocale=gnu --enable-libstdcxx-debug --enable-libstdcxx-time=yes --with-default-libstdcxx-abi=new --enable-gnu-unique-object --disable-vtable-verify --enable-libmpx --enable-plugin --enable-default-pie --with-system-zlib --with-target-system-zlib --enable-objc-gc=auto --enable-multiarch --disable-werror --with-arch-32=i686 --with-abi=m64 --with-multilib-list=m32 m64 mx32 --enable-multilib --with-tune=generic --enable-offload-targets=nvptx-none --without-cuda-driver --enable-checking=release --build=x86_64-linux-gnu --host=x86_64-linux-gnu --target=x86_64-linux-gnu]
  ignore line: [Thread model: posix]
  ignore line: [gcc version 7.5.0 (Ubuntu 7.5.0-3ubuntu1~18.04) ]
  ignore line: [COMPILER_PATH=/usr/lib/gcc/x86_64-linux-gnu/7/:/usr/lib/gcc/x86_64-linux-gnu/7/:/usr/lib/gcc/x86_64-linux-gnu/:/usr/lib/gcc/x86_64-linux-gnu/7/:/usr/lib/gcc/x86_64-linux-gnu/]
  ignore line: [LIBRARY_PATH=/usr/lib/gcc/x86_64-linux-gnu/7/:/usr/lib/gcc/x86_64-linux-gnu/7/../../../x86_64-linux-gnu/:/usr/lib/gcc/x86_64-linux-gnu/7/../../../../lib/:/lib/x86_64-linux-gnu/:/lib/../lib/:/usr/lib/x86_64-linux-gnu/:/usr/lib/../lib/:/usr/lib/gcc/x86_64-linux-gnu/7/../../../:/lib/:/usr/lib/]
  ignore line: [COLLECT_GCC_OPTIONS='-v' '-rdynamic' '-o' 'cmTC_82b4d' '-mtune=generic' '-march=x86-64']
  link line: [ /usr/lib/gcc/x86_64-linux-gnu/7/collect2 -plugin /usr/lib/gcc/x86_64-linux-gnu/7/liblto_plugin.so -plugin-opt=/usr/lib/gcc/x86_64-linux-gnu/7/lto-wrapper -plugin-opt=-fresolution=/tmp/ccOI7xNE.res -plugin-opt=-pass-through=-lgcc -plugin-opt=-pass-through=-lgcc_s -plugin-opt=-pass-through=-lc -plugin-opt=-pass-through=-lgcc -plugin-opt=-pass-through=-lgcc_s --build-id --eh-frame-hdr -m elf_x86_64 --hash-style=gnu --as-needed -export-dynamic -dynamic-linker /lib64/ld-linux-x86-64.so.2 -pie -z now -z relro -o cmTC_82b4d /usr/lib/gcc/x86_64-linux-gnu/7/../../../x86_64-linux-gnu/Scrt1.o /usr/lib/gcc/x86_64-linux-gnu/7/../../../x86_64-linux-gnu/crti.o /usr/lib/gcc/x86_64-linux-gnu/7/crtbeginS.o -L/usr/lib/gcc/x86_64-linux-gnu/7 -L/usr/lib/gcc/x86_64-linux-gnu/7/../../../x86_64-linux-gnu -L/usr/lib/gcc/x86_64-linux-gnu/7/../../../../lib -L/lib/x86_64-linux-gnu -L/lib/../lib -L/usr/lib/x86_64-linux-gnu -L/usr/lib/../lib -L/usr/lib/gcc/x86_64-linux-gnu/7/../../.. CMakeFiles/cmTC_82b4d.dir/CMakeCCompilerABI.c.o -lgcc --push-state --as-needed -lgcc_s --pop-state -lc -lgcc --push-state --as-needed -lgcc_s --pop-state /usr/lib/gcc/x86_64-linux-gnu/7/crtendS.o /usr/lib/gcc/x86_64-linux-gnu/7/../../../x86_64-linux-gnu/crtn.o]
    arg [/usr/lib/gcc/x86_64-linux-gnu/7/collect2] ==> ignore
    arg [-plugin] ==> ignore
    arg [/usr/lib/gcc/x86_64-linux-gnu/7/liblto_plugin.so] ==> ignore
    arg [-plugin-opt=/usr/lib/gcc/x86_64-linux-gnu/7/lto-wrapper] ==> ignore
    arg [-plugin-opt=-fresolution=/tmp/ccOI7xNE.res] ==> ignore
    arg [-plugin-opt=-pass-through=-lgcc] ==> ignore
    arg [-plugin-opt=-pass-through=-lgcc_s] ==> ignore
    arg [-plugin-opt=-pass-through=-lc] ==> ignore
    arg [-plugin-opt=-pass-through=-lgcc] ==> ignore
    arg [-plugin-opt=-pass-through=-lgcc_s] ==> ignore
    arg [--build-id] ==> ignore
    arg [--eh-frame-hdr] ==> ignore
    arg [-m] ==> ignore
    arg [elf_x86_64] ==> ignore
    arg [--hash-style=gnu] ==> ignore
    arg [--as-needed] ==> ignore
    arg [-export-dynamic] ==> ignore
    arg [-dynamic-linker] ==> ignore
    arg [/lib64/ld-linux-x86-64.so.2] ==> ignore
    arg [-pie] ==> ignore
    arg [-znow] ==> ignore
    arg [-zrelro] ==> ignore
    arg [-o] ==> ignore
    arg [cmTC_82b4d] ==> ignore
    arg [/usr/lib/gcc/x86_64-linux-gnu/7/../../../x86_64-linux-gnu/Scrt1.o] ==> ignore
    arg [/usr/lib/gcc/x86_64-linux-gnu/7/../../../x86_64-linux-gnu/crti.o] ==> ignore
    arg [/usr/lib/gcc/x86_64-linux-gnu/7/crtbeginS.o] ==> ignore
    arg [-L/usr/lib/gcc/x86_64-linux-gnu/7] ==> dir [/usr/lib/gcc/x86_64-linux-gnu/7]
    arg [-L/usr/lib/gcc/x86_64-linux-gnu/7/../../../x86_64-linux-gnu] ==> dir [/usr/lib/gcc/x86_64-linux-gnu/7/../../../x86_64-linux-gnu]
    arg [-L/usr/lib/gcc/x86_64-linux-gnu/7/../../../../lib] ==> dir [/usr/lib/gcc/x86_64-linux-gnu/7/../../../../lib]
    arg [-L/lib/x86_64-linux-gnu] ==> dir [/lib/x86_64-linux-gnu]
    arg [-L/lib/../lib] ==> dir [/lib/../lib]
    arg [-L/usr/lib/x86_64-linux-gnu] ==> dir [/usr/lib/x86_64-linux-gnu]
    arg [-L/usr/lib/../lib] ==> dir [/usr/lib/../lib]
    arg [-L/usr/lib/gcc/x86_64-linux-gnu/7/../../..] ==> dir [/usr/lib/gcc/x86_64-linux-gnu/7/../../..]
    arg [CMakeFiles/cmTC_82b4d.dir/CMakeCCompilerABI.c.o] ==> ignore
    arg [-lgcc] ==> lib [gcc]
    arg [--push-state] ==> ignore
    arg [--as-needed] ==> ignore
    arg [-lgcc_s] ==> lib [gcc_s]
    arg [--pop-state] ==> ignore
    arg [-lc] ==> lib [c]
    arg [-lgcc] ==> lib [gcc]
    arg [--push-state] ==> ignore
    arg [--as-needed] ==> ignore
    arg [-lgcc_s] ==> lib [gcc_s]
    arg [--pop-state] ==> ignore
    arg [/usr/lib/gcc/x86_64-linux-gnu/7/crtendS.o] ==> ignore
    arg [/usr/lib/gcc/x86_64-linux-gnu/7/../../../x86_64-linux-gnu/crtn.o] ==> ignore
  collapse library dir [/usr/lib/gcc/x86_64-linux-gnu/7] ==> [/usr/lib/gcc/x86_64-linux-gnu/7]
  collapse library dir [/usr/lib/gcc/x86_64-linux-gnu/7/../../../x86_64-linux-gnu] ==> [/usr/lib/x86_64-linux-gnu]
  collapse library dir [/usr/lib/gcc/x86_64-linux-gnu/7/../../../../lib] ==> [/usr/lib]
  collapse library dir [/lib/x86_64-linux-gnu] ==> [/lib/x86_64-linux-gnu]
  collapse library dir [/lib/../lib] ==> [/lib]
  collapse library dir [/usr/lib/x86_64-linux-gnu] ==> [/usr/lib/x86_64-linux-gnu]
  collapse library dir [/usr/lib/../lib] ==> [/usr/lib]
  collapse library dir [/usr/lib/gcc/x86_64-linux-gnu/7/../../..] ==> [/usr/lib]
  implicit libs: [gcc;gcc_s;c;gcc;gcc_s]
  implicit dirs: [/usr/lib/gcc/x86_64-linux-gnu/7;/usr/lib/x86_64-linux-gnu;/usr/lib;/lib/x86_64-linux-gnu;/lib]
  implicit fwks: []


Determining if the include file pthread.h exists passed with the following output:
Change Dir: /home/dell/ZDisk/Workspace/abc/t/nanomsg/CMakeFiles/CMakeTmp

Run Build Command(s):/usr/bin/make cmTC_bc59e/fast && /usr/bin/make  -f CMakeFiles/cmTC_bc59e.dir/build.make CMakeFiles/cmTC_bc59e.dir/build
make[1]: Entering directory '/media/dell/02a3d71a-295d-455b-9038-2d915c35d598/Workspace/abc/t/nanomsg/CMakeFiles/CMakeTmp'
Building C object CMakeFiles/cmTC_bc59e.dir/CheckIncludeFile.c.o
/usr/bin/cc   -Wall -Wextra   -o CMakeFiles/cmTC_bc59e.dir/CheckIncludeFile.c.o -c /home/dell/ZDisk/Workspace/abc/t/nanomsg/CMakeFiles/CMakeTmp/CheckIncludeFile.c
Linking C executable cmTC_bc59e
/usr/local/bin/cmake -E cmake_link_script CMakeFiles/cmTC_bc59e.dir/link.txt --verbose=1
/usr/bin/cc  -Wall -Wextra   -rdynamic CMakeFiles/cmTC_bc59e.dir/CheckIncludeFile.c.o -o cmTC_bc59e 
make[1]: Leaving directory '/media/dell/02a3d71a-295d-455b-9038-2d915c35d598/Workspace/abc/t/nanomsg/CMakeFiles/CMakeTmp'



Determining if the function pthread_create exists in the pthread passed with the following output:
Change Dir: /home/dell/ZDisk/Workspace/abc/t/nanomsg/CMakeFiles/CMakeTmp

Run Build Command(s):/usr/bin/make cmTC_7ebae/fast && /usr/bin/make  -f CMakeFiles/cmTC_7ebae.dir/build.make CMakeFiles/cmTC_7ebae.dir/build
make[1]: Entering directory '/media/dell/02a3d71a-295d-455b-9038-2d915c35d598/Workspace/abc/t/nanomsg/CMakeFiles/CMakeTmp'
Building C object CMakeFiles/cmTC_7ebae.dir/CheckFunctionExists.c.o
/usr/bin/cc   -Wall -Wextra  -DCHECK_FUNCTION_EXISTS=pthread_create -o CMakeFiles/cmTC_7ebae.dir/CheckFunctionExists.c.o -c /usr/local/share/cmake-3.19/Modules/CheckFunctionExists.c
Linking C executable cmTC_7ebae
/usr/local/bin/cmake -E cmake_link_script CMakeFiles/cmTC_7ebae.dir/link.txt --verbose=1
/usr/bin/cc  -Wall -Wextra  -DCHECK_FUNCTION_EXISTS=pthread_create -rdynamic CMakeFiles/cmTC_7ebae.dir/CheckFunctionExists.c.o -o cmTC_7ebae  -lpthread 
make[1]: Leaving directory '/media/dell/02a3d71a-295d-455b-9038-2d915c35d598/Workspace/abc/t/nanomsg/CMakeFiles/CMakeTmp'



Determining if the function socketpair exists passed with the following output:
Change Dir: /home/dell/ZDisk/Workspace/abc/t/nanomsg/CMakeFiles/CMakeTmp

Run Build Command(s):/usr/bin/make cmTC_a3bfe/fast && /usr/bin/make  -f CMakeFiles/cmTC_a3bfe.dir/build.make CMakeFiles/cmTC_a3bfe.dir/build
make[1]: Entering directory '/media/dell/02a3d71a-295d-455b-9038-2d915c35d598/Workspace/abc/t/nanomsg/CMakeFiles/CMakeTmp'
Building C object CMakeFiles/cmTC_a3bfe.dir/CheckFunctionExists.c.o
/usr/bin/cc   -Wall -Wextra  -DCHECK_FUNCTION_EXISTS=socketpair -o CMakeFiles/cmTC_a3bfe.dir/CheckFunctionExists.c.o -c /usr/local/share/cmake-3.19/Modules/CheckFunctionExists.c
Linking C executable cmTC_a3bfe
/usr/local/bin/cmake -E cmake_link_script CMakeFiles/cmTC_a3bfe.dir/link.txt --verbose=1
/usr/bin/cc  -Wall -Wextra  -DCHECK_FUNCTION_EXISTS=socketpair -rdynamic CMakeFiles/cmTC_a3bfe.dir/CheckFunctionExists.c.o -o cmTC_a3bfe 
make[1]: Leaving directory '/media/dell/02a3d71a-295d-455b-9038-2d915c35d598/Workspace/abc/t/nanomsg/CMakeFiles/CMakeTmp'



Determining if the function eventfd exists passed with the following output:
Change Dir: /home/dell/ZDisk/Workspace/abc/t/nanomsg/CMakeFiles/CMakeTmp

Run Build Command(s):/usr/bin/make cmTC_fa267/fast && /usr/bin/make  -f CMakeFiles/cmTC_fa267.dir/build.make CMakeFiles/cmTC_fa267.dir/build
make[1]: Entering directory '/media/dell/02a3d71a-295d-455b-9038-2d915c35d598/Workspace/abc/t/nanomsg/CMakeFiles/CMakeTmp'
Building C object CMakeFiles/cmTC_fa267.dir/CheckFunctionExists.c.o
/usr/bin/cc   -Wall -Wextra  -DCHECK_FUNCTION_EXISTS=eventfd -o CMakeFiles/cmTC_fa267.dir/CheckFunctionExists.c.o -c /usr/local/share/cmake-3.19/Modules/CheckFunctionExists.c
Linking C executable cmTC_fa267
/usr/local/bin/cmake -E cmake_link_script CMakeFiles/cmTC_fa267.dir/link.txt --verbose=1
/usr/bin/cc  -Wall -Wextra  -DCHECK_FUNCTION_EXISTS=eventfd -rdynamic CMakeFiles/cmTC_fa267.dir/CheckFunctionExists.c.o -o cmTC_fa267 
make[1]: Leaving directory '/media/dell/02a3d71a-295d-455b-9038-2d915c35d598/Workspace/abc/t/nanomsg/CMakeFiles/CMakeTmp'



Determining if the function pipe exists passed with the following output:
Change Dir: /home/dell/ZDisk/Workspace/abc/t/nanomsg/CMakeFiles/CMakeTmp

Run Build Command(s):/usr/bin/make cmTC_59470/fast && /usr/bin/make  -f CMakeFiles/cmTC_59470.dir/build.make CMakeFiles/cmTC_59470.dir/build
make[1]: Entering directory '/media/dell/02a3d71a-295d-455b-9038-2d915c35d598/Workspace/abc/t/nanomsg/CMakeFiles/CMakeTmp'
Building C object CMakeFiles/cmTC_59470.dir/CheckFunctionExists.c.o
/usr/bin/cc   -Wall -Wextra  -DCHECK_FUNCTION_EXISTS=pipe -o CMakeFiles/cmTC_59470.dir/CheckFunctionExists.c.o -c /usr/local/share/cmake-3.19/Modules/CheckFunctionExists.c
Linking C executable cmTC_59470
/usr/local/bin/cmake -E cmake_link_script CMakeFiles/cmTC_59470.dir/link.txt --verbose=1
/usr/bin/cc  -Wall -Wextra  -DCHECK_FUNCTION_EXISTS=pipe -rdynamic CMakeFiles/cmTC_59470.dir/CheckFunctionExists.c.o -o cmTC_59470 
make[1]: Leaving directory '/media/dell/02a3d71a-295d-455b-9038-2d915c35d598/Workspace/abc/t/nanomsg/CMakeFiles/CMakeTmp'



Determining if the function pipe2 exists passed with the following output:
Change Dir: /home/dell/ZDisk/Workspace/abc/t/nanomsg/CMakeFiles/CMakeTmp

Run Build Command(s):/usr/bin/make cmTC_36029/fast && /usr/bin/make  -f CMakeFiles/cmTC_36029.dir/build.make CMakeFiles/cmTC_36029.dir/build
make[1]: Entering directory '/media/dell/02a3d71a-295d-455b-9038-2d915c35d598/Workspace/abc/t/nanomsg/CMakeFiles/CMakeTmp'
Building C object CMakeFiles/cmTC_36029.dir/CheckFunctionExists.c.o
/usr/bin/cc   -Wall -Wextra  -DCHECK_FUNCTION_EXISTS=pipe2 -o CMakeFiles/cmTC_36029.dir/CheckFunctionExists.c.o -c /usr/local/share/cmake-3.19/Modules/CheckFunctionExists.c
Linking C executable cmTC_36029
/usr/local/bin/cmake -E cmake_link_script CMakeFiles/cmTC_36029.dir/link.txt --verbose=1
/usr/bin/cc  -Wall -Wextra  -DCHECK_FUNCTION_EXISTS=pipe2 -rdynamic CMakeFiles/cmTC_36029.dir/CheckFunctionExists.c.o -o cmTC_36029 
make[1]: Leaving directory '/media/dell/02a3d71a-295d-455b-9038-2d915c35d598/Workspace/abc/t/nanomsg/CMakeFiles/CMakeTmp'



Determining if the function accept4 exists passed with the following output:
Change Dir: /home/dell/ZDisk/Workspace/abc/t/nanomsg/CMakeFiles/CMakeTmp

Run Build Command(s):/usr/bin/make cmTC_2794e/fast && /usr/bin/make  -f CMakeFiles/cmTC_2794e.dir/build.make CMakeFiles/cmTC_2794e.dir/build
make[1]: Entering directory '/media/dell/02a3d71a-295d-455b-9038-2d915c35d598/Workspace/abc/t/nanomsg/CMakeFiles/CMakeTmp'
Building C object CMakeFiles/cmTC_2794e.dir/CheckFunctionExists.c.o
/usr/bin/cc   -Wall -Wextra  -DCHECK_FUNCTION_EXISTS=accept4 -o CMakeFiles/cmTC_2794e.dir/CheckFunctionExists.c.o -c /usr/local/share/cmake-3.19/Modules/CheckFunctionExists.c
Linking C executable cmTC_2794e
/usr/local/bin/cmake -E cmake_link_script CMakeFiles/cmTC_2794e.dir/link.txt --verbose=1
/usr/bin/cc  -Wall -Wextra  -DCHECK_FUNCTION_EXISTS=accept4 -rdynamic CMakeFiles/cmTC_2794e.dir/CheckFunctionExists.c.o -o cmTC_2794e 
make[1]: Leaving directory '/media/dell/02a3d71a-295d-455b-9038-2d915c35d598/Workspace/abc/t/nanomsg/CMakeFiles/CMakeTmp'



Determining if the function epoll_create exists passed with the following output:
Change Dir: /home/dell/ZDisk/Workspace/abc/t/nanomsg/CMakeFiles/CMakeTmp

Run Build Command(s):/usr/bin/make cmTC_533ee/fast && /usr/bin/make  -f CMakeFiles/cmTC_533ee.dir/build.make CMakeFiles/cmTC_533ee.dir/build
make[1]: Entering directory '/media/dell/02a3d71a-295d-455b-9038-2d915c35d598/Workspace/abc/t/nanomsg/CMakeFiles/CMakeTmp'
Building C object CMakeFiles/cmTC_533ee.dir/CheckFunctionExists.c.o
/usr/bin/cc   -Wall -Wextra  -DCHECK_FUNCTION_EXISTS=epoll_create -o CMakeFiles/cmTC_533ee.dir/CheckFunctionExists.c.o -c /usr/local/share/cmake-3.19/Modules/CheckFunctionExists.c
Linking C executable cmTC_533ee
/usr/local/bin/cmake -E cmake_link_script CMakeFiles/cmTC_533ee.dir/link.txt --verbose=1
/usr/bin/cc  -Wall -Wextra  -DCHECK_FUNCTION_EXISTS=epoll_create -rdynamic CMakeFiles/cmTC_533ee.dir/CheckFunctionExists.c.o -o cmTC_533ee 
make[1]: Leaving directory '/media/dell/02a3d71a-295d-455b-9038-2d915c35d598/Workspace/abc/t/nanomsg/CMakeFiles/CMakeTmp'



Determining if the function poll exists passed with the following output:
Change Dir: /home/dell/ZDisk/Workspace/abc/t/nanomsg/CMakeFiles/CMakeTmp

Run Build Command(s):/usr/bin/make cmTC_386cf/fast && /usr/bin/make  -f CMakeFiles/cmTC_386cf.dir/build.make CMakeFiles/cmTC_386cf.dir/build
make[1]: Entering directory '/media/dell/02a3d71a-295d-455b-9038-2d915c35d598/Workspace/abc/t/nanomsg/CMakeFiles/CMakeTmp'
Building C object CMakeFiles/cmTC_386cf.dir/CheckFunctionExists.c.o
/usr/bin/cc   -Wall -Wextra  -DCHECK_FUNCTION_EXISTS=poll -o CMakeFiles/cmTC_386cf.dir/CheckFunctionExists.c.o -c /usr/local/share/cmake-3.19/Modules/CheckFunctionExists.c
Linking C executable cmTC_386cf
/usr/local/bin/cmake -E cmake_link_script CMakeFiles/cmTC_386cf.dir/link.txt --verbose=1
/usr/bin/cc  -Wall -Wextra  -DCHECK_FUNCTION_EXISTS=poll -rdynamic CMakeFiles/cmTC_386cf.dir/CheckFunctionExists.c.o -o cmTC_386cf 
make[1]: Leaving directory '/media/dell/02a3d71a-295d-455b-9038-2d915c35d598/Workspace/abc/t/nanomsg/CMakeFiles/CMakeTmp'



Determining if the function getaddrinfo_a exists in the anl passed with the following output:
Change Dir: /home/dell/ZDisk/Workspace/abc/t/nanomsg/CMakeFiles/CMakeTmp

Run Build Command(s):/usr/bin/make cmTC_b732d/fast && /usr/bin/make  -f CMakeFiles/cmTC_b732d.dir/build.make CMakeFiles/cmTC_b732d.dir/build
make[1]: Entering directory '/media/dell/02a3d71a-295d-455b-9038-2d915c35d598/Workspace/abc/t/nanomsg/CMakeFiles/CMakeTmp'
Building C object CMakeFiles/cmTC_b732d.dir/CheckFunctionExists.c.o
/usr/bin/cc   -Wall -Wextra  -DCHECK_FUNCTION_EXISTS=getaddrinfo_a -o CMakeFiles/cmTC_b732d.dir/CheckFunctionExists.c.o -c /usr/local/share/cmake-3.19/Modules/CheckFunctionExists.c
Linking C executable cmTC_b732d
/usr/local/bin/cmake -E cmake_link_script CMakeFiles/cmTC_b732d.dir/link.txt --verbose=1
/usr/bin/cc  -Wall -Wextra  -DCHECK_FUNCTION_EXISTS=getaddrinfo_a -rdynamic CMakeFiles/cmTC_b732d.dir/CheckFunctionExists.c.o -o cmTC_b732d  -lanl 
make[1]: Leaving directory '/media/dell/02a3d71a-295d-455b-9038-2d915c35d598/Workspace/abc/t/nanomsg/CMakeFiles/CMakeTmp'



Determining if the function clock_gettime exists in the rt passed with the following output:
Change Dir: /home/dell/ZDisk/Workspace/abc/t/nanomsg/CMakeFiles/CMakeTmp

Run Build Command(s):/usr/bin/make cmTC_824b1/fast && /usr/bin/make  -f CMakeFiles/cmTC_824b1.dir/build.make CMakeFiles/cmTC_824b1.dir/build
make[1]: Entering directory '/media/dell/02a3d71a-295d-455b-9038-2d915c35d598/Workspace/abc/t/nanomsg/CMakeFiles/CMakeTmp'
Building C object CMakeFiles/cmTC_824b1.dir/CheckFunctionExists.c.o
/usr/bin/cc   -Wall -Wextra  -DCHECK_FUNCTION_EXISTS=clock_gettime -o CMakeFiles/cmTC_824b1.dir/CheckFunctionExists.c.o -c /usr/local/share/cmake-3.19/Modules/CheckFunctionExists.c
Linking C executable cmTC_824b1
/usr/local/bin/cmake -E cmake_link_script CMakeFiles/cmTC_824b1.dir/link.txt --verbose=1
/usr/bin/cc  -Wall -Wextra  -DCHECK_FUNCTION_EXISTS=clock_gettime -rdynamic CMakeFiles/cmTC_824b1.dir/CheckFunctionExists.c.o -o cmTC_824b1  -lrt 
make[1]: Leaving directory '/media/dell/02a3d71a-295d-455b-9038-2d915c35d598/Workspace/abc/t/nanomsg/CMakeFiles/CMakeTmp'



Determining if the function sem_wait exists in the pthread passed with the following output:
Change Dir: /home/dell/ZDisk/Workspace/abc/t/nanomsg/CMakeFiles/CMakeTmp

Run Build Command(s):/usr/bin/make cmTC_763ba/fast && /usr/bin/make  -f CMakeFiles/cmTC_763ba.dir/build.make CMakeFiles/cmTC_763ba.dir/build
make[1]: Entering directory '/media/dell/02a3d71a-295d-455b-9038-2d915c35d598/Workspace/abc/t/nanomsg/CMakeFiles/CMakeTmp'
Building C object CMakeFiles/cmTC_763ba.dir/CheckFunctionExists.c.o
/usr/bin/cc   -Wall -Wextra  -DCHECK_FUNCTION_EXISTS=sem_wait -o CMakeFiles/cmTC_763ba.dir/CheckFunctionExists.c.o -c /usr/local/share/cmake-3.19/Modules/CheckFunctionExists.c
Linking C executable cmTC_763ba
/usr/local/bin/cmake -E cmake_link_script CMakeFiles/cmTC_763ba.dir/link.txt --verbose=1
/usr/bin/cc  -Wall -Wextra  -DCHECK_FUNCTION_EXISTS=sem_wait -rdynamic CMakeFiles/cmTC_763ba.dir/CheckFunctionExists.c.o -o cmTC_763ba  -lpthread 
make[1]: Leaving directory '/media/dell/02a3d71a-295d-455b-9038-2d915c35d598/Workspace/abc/t/nanomsg/CMakeFiles/CMakeTmp'



Determining if the function gethostbyname exists in the nsl passed with the following output:
Change Dir: /home/dell/ZDisk/Workspace/abc/t/nanomsg/CMakeFiles/CMakeTmp

Run Build Command(s):/usr/bin/make cmTC_a1e41/fast && /usr/bin/make  -f CMakeFiles/cmTC_a1e41.dir/build.make CMakeFiles/cmTC_a1e41.dir/build
make[1]: Entering directory '/media/dell/02a3d71a-295d-455b-9038-2d915c35d598/Workspace/abc/t/nanomsg/CMakeFiles/CMakeTmp'
Building C object CMakeFiles/cmTC_a1e41.dir/CheckFunctionExists.c.o
/usr/bin/cc   -Wall -Wextra  -DCHECK_FUNCTION_EXISTS=gethostbyname -o CMakeFiles/cmTC_a1e41.dir/CheckFunctionExists.c.o -c /usr/local/share/cmake-3.19/Modules/CheckFunctionExists.c
Linking C executable cmTC_a1e41
/usr/local/bin/cmake -E cmake_link_script CMakeFiles/cmTC_a1e41.dir/link.txt --verbose=1
/usr/bin/cc  -Wall -Wextra  -DCHECK_FUNCTION_EXISTS=gethostbyname -rdynamic CMakeFiles/cmTC_a1e41.dir/CheckFunctionExists.c.o -o cmTC_a1e41  -lnsl 
make[1]: Leaving directory '/media/dell/02a3d71a-295d-455b-9038-2d915c35d598/Workspace/abc/t/nanomsg/CMakeFiles/CMakeTmp'



Determining if the CLOCK_MONOTONIC exist passed with the following output:
Change Dir: /home/dell/ZDisk/Workspace/abc/t/nanomsg/CMakeFiles/CMakeTmp

Run Build Command(s):/usr/bin/make cmTC_7c777/fast && /usr/bin/make  -f CMakeFiles/cmTC_7c777.dir/build.make CMakeFiles/cmTC_7c777.dir/build
make[1]: Entering directory '/media/dell/02a3d71a-295d-455b-9038-2d915c35d598/Workspace/abc/t/nanomsg/CMakeFiles/CMakeTmp'
Building C object CMakeFiles/cmTC_7c777.dir/CheckSymbolExists.c.o
/usr/bin/cc   -Wall -Wextra   -o CMakeFiles/cmTC_7c777.dir/CheckSymbolExists.c.o -c /home/dell/ZDisk/Workspace/abc/t/nanomsg/CMakeFiles/CMakeTmp/CheckSymbolExists.c
Linking C executable cmTC_7c777
/usr/local/bin/cmake -E cmake_link_script CMakeFiles/cmTC_7c777.dir/link.txt --verbose=1
/usr/bin/cc  -Wall -Wextra   -rdynamic CMakeFiles/cmTC_7c777.dir/CheckSymbolExists.c.o -o cmTC_7c777 
make[1]: Leaving directory '/media/dell/02a3d71a-295d-455b-9038-2d915c35d598/Workspace/abc/t/nanomsg/CMakeFiles/CMakeTmp'


File /home/dell/ZDisk/Workspace/abc/t/nanomsg/CMakeFiles/CMakeTmp/CheckSymbolExists.c:
/* */
#include <time.h>

int main(int argc, char** argv)
{
  (void)argv;
#ifndef CLOCK_MONOTONIC
  return ((int*)(&CLOCK_MONOTONIC))[argc];
#else
  (void)argc;
  return 0;
#endif
}
Determining if the AF_UNIX exist passed with the following output:
Change Dir: /home/dell/ZDisk/Workspace/abc/t/nanomsg/CMakeFiles/CMakeTmp

Run Build Command(s):/usr/bin/make cmTC_2128a/fast && /usr/bin/make  -f CMakeFiles/cmTC_2128a.dir/build.make CMakeFiles/cmTC_2128a.dir/build
make[1]: Entering directory '/media/dell/02a3d71a-295d-455b-9038-2d915c35d598/Workspace/abc/t/nanomsg/CMakeFiles/CMakeTmp'
Building C object CMakeFiles/cmTC_2128a.dir/CheckSymbolExists.c.o
/usr/bin/cc   -Wall -Wextra   -o CMakeFiles/cmTC_2128a.dir/CheckSymbolExists.c.o -c /home/dell/ZDisk/Workspace/abc/t/nanomsg/CMakeFiles/CMakeTmp/CheckSymbolExists.c
Linking C executable cmTC_2128a
/usr/local/bin/cmake -E cmake_link_script CMakeFiles/cmTC_2128a.dir/link.txt --verbose=1
/usr/bin/cc  -Wall -Wextra   -rdynamic CMakeFiles/cmTC_2128a.dir/CheckSymbolExists.c.o -o cmTC_2128a 
make[1]: Leaving directory '/media/dell/02a3d71a-295d-455b-9038-2d915c35d598/Workspace/abc/t/nanomsg/CMakeFiles/CMakeTmp'


File /home/dell/ZDisk/Workspace/abc/t/nanomsg/CMakeFiles/CMakeTmp/CheckSymbolExists.c:
/* */
#include <sys/socket.h>

int main(int argc, char** argv)
{
  (void)argv;
#ifndef AF_UNIX
  return ((int*)(&AF_UNIX))[argc];
#else
  (void)argc;
  return 0;
#endif
}
Determining if the backtrace_symbols_fd exist passed with the following output:
Change Dir: /home/dell/ZDisk/Workspace/abc/t/nanomsg/CMakeFiles/CMakeTmp

Run Build Command(s):/usr/bin/make cmTC_b9e04/fast && /usr/bin/make  -f CMakeFiles/cmTC_b9e04.dir/build.make CMakeFiles/cmTC_b9e04.dir/build
make[1]: Entering directory '/media/dell/02a3d71a-295d-455b-9038-2d915c35d598/Workspace/abc/t/nanomsg/CMakeFiles/CMakeTmp'
Building C object CMakeFiles/cmTC_b9e04.dir/CheckSymbolExists.c.o
/usr/bin/cc   -Wall -Wextra   -o CMakeFiles/cmTC_b9e04.dir/CheckSymbolExists.c.o -c /home/dell/ZDisk/Workspace/abc/t/nanomsg/CMakeFiles/CMakeTmp/CheckSymbolExists.c
Linking C executable cmTC_b9e04
/usr/local/bin/cmake -E cmake_link_script CMakeFiles/cmTC_b9e04.dir/link.txt --verbose=1
/usr/bin/cc  -Wall -Wextra   -rdynamic CMakeFiles/cmTC_b9e04.dir/CheckSymbolExists.c.o -o cmTC_b9e04 
make[1]: Leaving directory '/media/dell/02a3d71a-295d-455b-9038-2d915c35d598/Workspace/abc/t/nanomsg/CMakeFiles/CMakeTmp'


File /home/dell/ZDisk/Workspace/abc/t/nanomsg/CMakeFiles/CMakeTmp/CheckSymbolExists.c:
/* */
#include <execinfo.h>

int main(int argc, char** argv)
{
  (void)argv;
#ifndef backtrace_symbols_fd
  return ((int*)(&backtrace_symbols_fd))[argc];
#else
  (void)argc;
  return 0;
#endif
}
Performing C SOURCE FILE Test NN_HAVE_MSG_CONTROL succeeded with the following output:
Change Dir: /home/dell/ZDisk/Workspace/abc/t/nanomsg/CMakeFiles/CMakeTmp

Run Build Command(s):/usr/bin/make cmTC_2ea92/fast && /usr/bin/make  -f CMakeFiles/cmTC_2ea92.dir/build.make CMakeFiles/cmTC_2ea92.dir/build
make[1]: Entering directory '/media/dell/02a3d71a-295d-455b-9038-2d915c35d598/Workspace/abc/t/nanomsg/CMakeFiles/CMakeTmp'
Building C object CMakeFiles/cmTC_2ea92.dir/src.c.o
/usr/bin/cc -DNN_HAVE_MSG_CONTROL  -Wall -Wextra   -o CMakeFiles/cmTC_2ea92.dir/src.c.o -c /home/dell/ZDisk/Workspace/abc/t/nanomsg/CMakeFiles/CMakeTmp/src.c
Linking C executable cmTC_2ea92
/usr/local/bin/cmake -E cmake_link_script CMakeFiles/cmTC_2ea92.dir/link.txt --verbose=1
/usr/bin/cc  -Wall -Wextra   -rdynamic CMakeFiles/cmTC_2ea92.dir/src.c.o -o cmTC_2ea92 
make[1]: Leaving directory '/media/dell/02a3d71a-295d-455b-9038-2d915c35d598/Workspace/abc/t/nanomsg/CMakeFiles/CMakeTmp'


Source file was:

#include <sys/socket.h>

int main()
{
  (void)sizeof(((struct msghdr *)0)->msg_control);
  return 0;
}

Performing C SOURCE FILE Test NN_HAVE_GCC_ATOMIC_BUILTINS succeeded with the following output:
Change Dir: /home/dell/ZDisk/Workspace/abc/t/nanomsg/CMakeFiles/CMakeTmp

Run Build Command(s):/usr/bin/make cmTC_e9e3d/fast && /usr/bin/make  -f CMakeFiles/cmTC_e9e3d.dir/build.make CMakeFiles/cmTC_e9e3d.dir/build
make[1]: Entering directory '/media/dell/02a3d71a-295d-455b-9038-2d915c35d598/Workspace/abc/t/nanomsg/CMakeFiles/CMakeTmp'
Building C object CMakeFiles/cmTC_e9e3d.dir/src.c.o
/usr/bin/cc -DNN_HAVE_GCC_ATOMIC_BUILTINS  -Wall -Wextra   -o CMakeFiles/cmTC_e9e3d.dir/src.c.o -c /home/dell/ZDisk/Workspace/abc/t/nanomsg/CMakeFiles/CMakeTmp/src.c
Linking C executable cmTC_e9e3d
/usr/local/bin/cmake -E cmake_link_script CMakeFiles/cmTC_e9e3d.dir/link.txt --verbose=1
/usr/bin/cc  -Wall -Wextra   -rdynamic CMakeFiles/cmTC_e9e3d.dir/src.c.o -o cmTC_e9e3d 
make[1]: Leaving directory '/media/dell/02a3d71a-295d-455b-9038-2d915c35d598/Workspace/abc/t/nanomsg/CMakeFiles/CMakeTmp'


Source file was:

    #include <stdint.h>
    int main()
    {
        volatile uint32_t n = 0;
        __sync_fetch_and_add (&n, 1);
        __sync_fetch_and_sub (&n, 1);
        return 0;
    }

